****************************************
Report : Averaged Power
	-hierarchy
Design : thumb
Version: V-2023.12
Date   : Mon Nov 11 10:54:37 2024
****************************************



                                      Int      Switch   Leak     Total
Hierarchy                             Power    Power    Power    Power    %
----------------------------------------------------------------------------------
thumb                                 2.42e-05 7.46e-06 2.98e-06 3.47e-05 100.0
  stage1 (IF_stage)                   2.22e-06 3.62e-07 1.08e-07 2.69e-06   7.8
    r363 (IF_stage_DW01_add_0_DW01_add_15)
                                      1.13e-08 5.15e-09 1.99e-08 3.63e-08   0.1
  stage2 (ID_stage)                   5.85e-06 3.23e-06 4.82e-07 9.56e-06  27.6
  stage3 (ex_stage)                   9.35e-06 3.38e-06 2.08e-06 1.48e-05  42.7
    add_657 (ex_stage_DW01_add_6)     2.30e-08 9.17e-09 2.04e-08 5.27e-08   0.2
    add_658 (ex_stage_DW01_add_5)     4.98e-08 2.04e-08 2.28e-08 9.30e-08   0.3
    add_727 (ex_stage_DW01_add_2)     3.07e-08 1.15e-08 1.52e-08 5.73e-08   0.2
    add_730 (ex_stage_DW01_add_1)     1.13e-08 8.38e-09 2.26e-08 4.23e-08   0.1
    sub_764 (ex_stage_DW01_sub_3)     1.76e-09 1.84e-09 2.41e-08 2.77e-08   0.1
    add_769 (ex_stage_DW01_add_0)     3.64e-09 2.57e-09 2.38e-08 3.00e-08   0.1
    sub_774 (ex_stage_DW01_sub_2)     3.22e-09 2.51e-09 2.07e-08 2.64e-08   0.1
    sub_796 (ex_stage_DW01_sub_1)     5.68e-08 3.23e-08 2.40e-08 1.13e-07   0.3
    add_718_2 (ex_stage_DW01_add_3)   1.52e-07 3.66e-08 1.91e-08 2.07e-07   0.6
    sub_802 (ex_stage_DW01_sub_0)     6.90e-08 4.60e-08 2.25e-08 1.38e-07   0.4
    mult_762 (ex_stage_DW_mult_uns_0) 8.38e-08 5.31e-08 1.61e-07 2.98e-07   0.9
    r919 (ex_stage_DW01_add_14)       1.76e-08 1.73e-08 1.92e-08 5.41e-08   0.2
    r920 (ex_stage_DW01_add_13)       4.77e-08 2.14e-08 1.89e-08 8.80e-08   0.3
    r921 (ex_stage_DW01_add_12)       1.20e-08 7.80e-09 2.10e-08 4.08e-08   0.1
    sub_1_root_sub_0_root_sub_788_2 (ex_stage_DW01_sub_7)
                                      3.50e-09 4.56e-09 2.32e-08 3.12e-08   0.1
    r985 (ex_stage_DW01_add_11)       5.22e-09 1.82e-08 2.01e-08 4.35e-08   0.1
    r990 (ex_stage_DW01_sub_5)        1.56e-07 6.93e-08 2.50e-08 2.51e-07   0.7
    r991 (ex_stage_DW01_sub_4)        1.58e-08 1.04e-08 2.05e-08 4.67e-08   0.1
    r992 (ex_stage_DW01_add_10)       4.25e-08 2.13e-08 1.98e-08 8.36e-08   0.2
    r993 (ex_stage_DW01_add_9)        3.60e-08 2.45e-08 2.11e-08 8.16e-08   0.2
    r994 (ex_stage_DW01_add_8)        3.71e-08 2.62e-08 2.05e-08 8.38e-08   0.2
    sub_0_root_sub_0_root_sub_788_2 (ex_stage_DW01_sub_6)
                                      1.20e-08 2.69e-09 2.10e-08 3.57e-08   0.1
    add_0_root_add_709_2 (ex_stage_DW01_add_4)
                                      1.79e-07 4.11e-08 1.89e-08 2.39e-07   0.7
    add_1_root_add_656_2 (ex_stage_DW01_add_7)
                                      1.51e-08 3.97e-09 1.85e-08 3.76e-08   0.1
  stage4 (thumb_wb)                   6.79e-06 4.16e-07 3.00e-07 7.51e-06  21.6
1
