****************************************
Report : Averaged Power
	-hierarchy
Design : hw2_clockgating
Version: V-2023.12
Date   : Mon Oct 21 01:52:22 2024
****************************************



                                      Int      Switch   Leak     Total
Hierarchy                             Power    Power    Power    Power    %
----------------------------------------------------------------------------------
hw2_clockgating                       2.03e-06 9.74e-07 1.72e-07 3.18e-06 100.0
  s2 (stage2_gating)                  1.48e-06 7.98e-07 1.50e-07 2.42e-06  76.2
    mult_37 (stage2_gating_DW_mult_uns_2)
                                      9.24e-07 7.39e-07 1.37e-07 1.80e-06  56.6
    dff2 (D_FF_gating_DATA_WIDTH16)   5.51e-07 5.87e-08 1.28e-08 6.23e-07  19.6
  s1 (stage1_gating)                  5.58e-07 1.76e-07 2.16e-08 7.56e-07  23.8
    dff1 (D_FF_gating_DATA_WIDTH8)    2.74e-07 5.22e-08 6.78e-09 3.33e-07  10.5
    add_21 (stage1_gating_DW01_add_0) 1.10e-07 3.48e-08 5.32e-09 1.50e-07   4.7
    sub_24 (stage1_gating_DW01_sub_0) 1.09e-07 5.80e-08 6.05e-09 1.74e-07   5.5
1
