#######################################################################################
# log primitive debug message of FSDB dumping                                         #
# This is for R&D to analyze when there are issues happening when FSDB dump           #
#######################################################################################
ANF: vcsd_get_serial_mode_status('simv: undefined symbol: vcsd_get_serial_mode_status')
ANF: vcsd_enable_sva_success_callback('simv: undefined symbol: vcsd_enable_sva_success_callback')
ANF: vcsd_disable_sva_success_callback('simv: undefined symbol: vcsd_disable_sva_success_callback')
ANF: vcsd_get_power_scope_name('simv: undefined symbol: vcsd_get_power_scope_name')
ANF: vcsd_dump_var_vpdg('simv: undefined symbol: vcsd_dump_var_vpdg')
ANF: vcsd_begin_no_value_var_info('simv: undefined symbol: vcsd_begin_no_value_var_info')
ANF: vcsd_end_no_value_var_info('simv: undefined symbol: vcsd_end_no_value_var_info')
ANF: vcsd_remove_xprop_merge_mode_callback('simv: undefined symbol: vcsd_remove_xprop_merge_mode_callback')
ANF: vhpi_get_cb_info('simv: undefined symbol: vhpi_get_cb_info')
ANF: vhpi_free_handle('simv: undefined symbol: vhpi_free_handle')
ANF: vhpi_fetch_vcsd_handle('simv: undefined symbol: vhpi_fetch_vcsd_handle')
ANF: vhpi_fetch_vpi_handle('simv: undefined symbol: vhpi_fetch_vpi_handle')
ANF: vhpi_has_verilog_parent('simv: undefined symbol: vhpi_has_verilog_parent')
ANF: vhpi_is_verilog_scope('simv: undefined symbol: vhpi_is_verilog_scope')
ANF: scsd_xprop_is_enabled('simv: undefined symbol: scsd_xprop_is_enabled')
ANF: scsd_xprop_sig_is_promoted('simv: undefined symbol: scsd_xprop_sig_is_promoted')
ANF: scsd_xprop_int_xvalue('simv: undefined symbol: scsd_xprop_int_xvalue')
ANF: scsd_xprop_bool_xvalue('simv: undefined symbol: scsd_xprop_bool_xvalue')
ANF: scsd_xprop_enum_xvalue('simv: undefined symbol: scsd_xprop_enum_xvalue')
ANF: scsd_xprop_register_merge_mode_cb('simv: undefined symbol: scsd_xprop_register_merge_mode_cb')
ANF: scsd_xprop_delete_merge_mode_cb('simv: undefined symbol: scsd_xprop_delete_merge_mode_cb')
ANF: scsd_xprop_get_merge_mode('simv: undefined symbol: scsd_xprop_get_merge_mode')
ANF: scsd_thread_get_info('simv: undefined symbol: scsd_thread_get_info')
ANF: scsd_thread_vc_init('simv: undefined symbol: scsd_thread_vc_init')
ANF: scsd_master_set_delta_sync_cbk('simv: undefined symbol: scsd_master_set_delta_sync_cbk')
ANF: scsd_fgp_get_fsdb_cores('simv: undefined symbol: scsd_fgp_get_fsdb_cores')
ANF: scsd_fgp_get_is_cpu_affinity_disabled('simv: undefined symbol: scsd_fgp_get_is_cpu_affinity_disabled')
ANF: vdi_dt_get_vlog_variant_size_array_info('simv: undefined symbol: vdi_dt_get_vlog_variant_size_array_info')
ANF: vhdi_dt_get_type('simv: undefined symbol: vhdi_dt_get_type')
ANF: vhdi_dt_get_key('simv: undefined symbol: vhdi_dt_get_key')
ANF: vhdi_dt_get_vhdl_enum_info('simv: undefined symbol: vhdi_dt_get_vhdl_enum_info')
ANF: vhdi_dt_get_vhdl_physical_info('simv: undefined symbol: vhdi_dt_get_vhdl_physical_info')
ANF: vhdi_dt_get_vhdl_array_info('simv: undefined symbol: vhdi_dt_get_vhdl_array_info')
ANF: vhdi_dt_get_vhdl_record_info('simv: undefined symbol: vhdi_dt_get_vhdl_record_info')
ANF: vhdi_dt_get_vhdl_integer_range_info('simv: undefined symbol: vhdi_dt_get_vhdl_integer_range_info')
ANF: vhdi_def_traverse_module('simv: undefined symbol: vhdi_def_traverse_module')
ANF: vhdi_def_traverse_scope('simv: undefined symbol: vhdi_def_traverse_scope')
ANF: vhdi_def_traverse_variable('simv: undefined symbol: vhdi_def_traverse_variable')
ANF: vhdi_def_get_module_id_by_vhpi('simv: undefined symbol: vhdi_def_get_module_id_by_vhpi')
ANF: vhdi_def_get_handle_by_module_id('simv: undefined symbol: vhdi_def_get_handle_by_module_id')
ANF: vhdi_def_get_variable_info_by_vhpi('simv: undefined symbol: vhdi_def_get_variable_info_by_vhpi')
ANF: vhdi_def_free('simv: undefined symbol: vhdi_def_free')
ANF: vhdi_ist_traverse_scope('simv: undefined symbol: vhdi_ist_traverse_scope')
ANF: vhdi_ist_traverse_variable('simv: undefined symbol: vhdi_ist_traverse_variable')
ANF: vhdi_ist_convert_by_vhpi('simv: undefined symbol: vhdi_ist_convert_by_vhpi')
ANF: vhdi_ist_clone('simv: undefined symbol: vhdi_ist_clone')
ANF: vhdi_ist_free('simv: undefined symbol: vhdi_ist_free')
ANF: vhdi_ist_hash_key('simv: undefined symbol: vhdi_ist_hash_key')
ANF: vhdi_ist_compare('simv: undefined symbol: vhdi_ist_compare')
ANF: vhdi_ist_get_value_addr('simv: undefined symbol: vhdi_ist_get_value_addr')
ANF: vhdi_set_scsd_callback('simv: undefined symbol: vhdi_set_scsd_callback')
ANF: vhdi_cbk_set_force_callback('simv: undefined symbol: vhdi_cbk_set_force_callback')
ANF: vhdi_trigger_init_force('simv: undefined symbol: vhdi_trigger_init_force')
ANF: vhdi_ist_check_scsd_callback('simv: undefined symbol: vhdi_ist_check_scsd_callback')
ANF: vhdi_ist_add_scsd_callback('simv: undefined symbol: vhdi_ist_add_scsd_callback')
ANF: vhdi_ist_remove_scsd_callback('simv: undefined symbol: vhdi_ist_remove_scsd_callback')
ANF: vhdi_ist_get_scsd_user_data('simv: undefined symbol: vhdi_ist_get_scsd_user_data')
ANF: vhdi_add_time_change_callback('simv: undefined symbol: vhdi_add_time_change_callback')
ANF: vhdi_get_real_value_by_value_addr('simv: undefined symbol: vhdi_get_real_value_by_value_addr')
ANF: vhdi_get_64_value_by_value_addr('simv: undefined symbol: vhdi_get_64_value_by_value_addr')
ANF: vhdi_xprop_inst_is_promoted('simv: undefined symbol: vhdi_xprop_inst_is_promoted')
ANF: vdi_ist_convert_by_vhdi('simv: undefined symbol: vdi_ist_convert_by_vhdi')
ANF: vhdi_ist_get_module_id('simv: undefined symbol: vhdi_ist_get_module_id')
ANF: vhdi_refine_foreign_scope_type('simv: undefined symbol: vhdi_refine_foreign_scope_type')
ANF: vhdi_flush_callback('simv: undefined symbol: vhdi_flush_callback')
ANF: vhdi_set_orig_name('simv: undefined symbol: vhdi_set_orig_name')
ANF: vhdi_set_dump_pt('simv: undefined symbol: vhdi_set_dump_pt')
ANF: vhdi_set_int_subtype('simv: undefined symbol: vhdi_set_int_subtype')
ANF: vhdi_set_fixed_point('simv: undefined symbol: vhdi_set_fixed_point')
ANF: vhdi_get_fsdb_option('simv: undefined symbol: vhdi_get_fsdb_option')
ANF: vhdi_fgp_get_mode('simv: undefined symbol: vhdi_fgp_get_mode')
ANF: vhdi_node_register_composite_var('simv: undefined symbol: vhdi_node_register_composite_var')
ANF: vhdi_node_analysis('simv: undefined symbol: vhdi_node_analysis')
ANF: vhdi_node_id('simv: undefined symbol: vhdi_node_id')
ANF: vhdi_node_ist_check_scsd_callback('simv: undefined symbol: vhdi_node_ist_check_scsd_callback')
ANF: vhdi_node_ist_add_scsd_callback('simv: undefined symbol: vhdi_node_ist_add_scsd_callback')
ANF: vhdi_node_ist_get_value_addr('simv: undefined symbol: vhdi_node_ist_get_value_addr')
ANF: vhdi_enc_def_traverse_module('simv: undefined symbol: vhdi_enc_def_traverse_module')
ANF: vhdi_enc_def_traverse_scope('simv: undefined symbol: vhdi_enc_def_traverse_scope')
ANF: vhdi_enc_def_traverse_variable('simv: undefined symbol: vhdi_enc_def_traverse_variable')
ANF: vhdi_enc_ist_traverse_scope('simv: undefined symbol: vhdi_enc_ist_traverse_scope')
ANF: vhdi_enc_ist_traverse_variable('simv: undefined symbol: vhdi_enc_ist_traverse_variable')
ANF: vhdi_enc_ist_get_module_id('simv: undefined symbol: vhdi_enc_ist_get_module_id')
ANF: vhdi_enc_def_get_handle_by_module_id('simv: undefined symbol: vhdi_enc_def_get_handle_by_module_id')
VCS compile option:
 option[0]: simv
 option[1]: +full64
 option[2]: +access+r
 option[3]: +fsdb+mda
 option[4]: +fsdbfile+6adder.fsdb
 option[5]: +v2k
 option[6]: /usr/cad/synopsys/vcs/2023.12/linux/bin/vcs1
 option[7]: -Mcc=gcc
 option[8]: -Mcplusplus=g++
 option[9]: -Masflags=--32
 option[10]: -Mcfl= -pipe -m32 -O -I/usr/cad/synopsys/vcs/2023.12/include 
 option[11]: -Mxllcflags=
 option[12]: -Mxcflags= -pipe -m32 -I/usr/cad/synopsys/vcs/2023.12/include
 option[13]: -Mldflags= -m32 -m32 -rdynamic 
 option[14]: -Mout=simv
 option[15]: -Mamsrun=
 option[16]: -Mvcsaceobjs=
 option[17]: -Mobjects= /usr/cad/synopsys/vcs/2023.12/linux/lib/libvirsim.so /usr/cad/synopsys/vcs/2023.12/linux/lib/liberrorinf.so /usr/cad/synopsys/vcs/2023.12/linux/lib/libsnpsmalloc.so /usr/cad/synopsys/vcs/2023.12/linux/lib/libvfs.so 
 option[18]: -Mexternalobj=
 option[19]: -Msaverestoreobj=/usr/cad/synopsys/vcs/2023.12/linux/lib/vcs_save_restore_new.o
 option[20]: -Mcrt0=
 option[21]: -Mcrtn=
 option[22]: -Mcsrc=
 option[23]: -Msyslibs=/usr/cad/synopsys/verdi/2023.12/share/PLI/VCS/LINUX/pli.a /usr/cad/synopsys/vcs/2023.12/linux/lib/ctype-stubs_32.a -ldl 
 option[24]: -Xvcs_run_simv=1
 option[25]: -debug_access+all
 option[26]: +vpi
 option[27]: +vcsd1
 option[28]: +itf+/usr/cad/synopsys/vcs/2023.12/linux/lib/vcsdp_lite.tab
 option[29]: +full64
 option[30]: +access+r
 option[31]: -debug_access
 option[32]: +vcs+fsdbon
 option[33]: +fsdb+mda
 option[34]: +fsdbfile+6adder.fsdb
 option[35]: +v2k
 option[36]: -picarchive
 option[37]: -P
 option[38]: /usr/cad/synopsys/verdi/2023.12/share/PLI/VCS/LINUX/verdi.tab
 option[39]: -fsdb
 option[40]: -gen_obj
 option[41]: /home/B103040045_HDL/hw1/code/pre_sim/pre_tb.v
 option[42]: /home/B103040045_HDL/hw1/code/rtl/adder_behavior.v
 option[43]: /home/B103040045_HDL/hw1/code/rtl/adder_dataflow.v
 option[44]: /home/B103040045_HDL/hw1/code/rtl/adder_structure.v
 option[45]: /home/B103040045_HDL/hw1/code/rtl/adder_behavior_reg.v
 option[46]: /home/B103040045_HDL/hw1/code/rtl/adder_dataflow_reg.v
 option[47]: /home/B103040045_HDL/hw1/code/rtl/adder_structure_reg.v
 option[48]: -load
 option[49]: /usr/cad/synopsys/verdi/2023.12/share/PLI/VCS/LINUX/libnovas.so:FSDBDumpCmd
Chronologic Simulation VCS Release V-2023.12
Linux 3.10.0-1160.119.1.el7.x86_64 #1 SMP Tue Jun 4 14:43:51 UTC 2024 x86_64
CPU cores: 32
Limit information:
======================================
cputime		unlimited
filesize		unlimited
datasize		unlimited
stacksize		8192 kbytes
coredumpsize		0 kbytes
memoryuse		unlimited
vmemoryuse		unlimited
descriptors		4096
memorylocked		64 kbytes
maxproc		4096
======================================
(Special)Runtime environment variables:

Cannot get runtime environment variables: environ is NULL
Runtime command line arguments:
argv[0]=simv
argv[1]=+full64
argv[2]=+access+r
argv[3]=+fsdb+mda
argv[4]=+fsdbfile+6adder.fsdb
argv[5]=+v2k
165 profile - 100
          CPU/Mem usage: 0.150 sys,  0.450 user,  184.79M mem
166 Elapsed time:    0:00:01    Wed Oct  2 23:42:33 2024
167 User CPU time used: 0 seconds
168 System CPU time used: 0 seconds
169 pliAppInit
170 [SC]Init: MemoryConsumed=0.00MB ElapsedTime=0hour 0min. 0sec.
171 FSDB_GATE is set.
172 FSDB_RTL is set.
173 FSDB_PACKED_MODE is enabled.
174 FSDB_GATE_PACKED is enabled.
175 FSDB_ALIAS_ARRAY_ELEM is set to 4294967295.
176 Enable Parallel Dumping.
177 pliAppMiscSet: New Sim Round
178 pliEntryInit
179 LIBSSCORE=found /usr/cad/synopsys/verdi/2023.12/share/PLI/lib/LINUX/libsscore_vcs202312.so through $NOVAS_HOME setting.
180 FSDB Dumper for VCS, Release Verdi_V-2023.12, Linux, 11/15/2023
181 (C) 1996 - 2023 by Synopsys, Inc.
182 DVDI_is_vir_unload_enabled is enable
183 FSDB_VCS_ENABLE_VC_TIME_CB is enable
184 sps_call_fsdbDumpvars_vd_main at 0 : Unknown source file(0)
185 *Verdi* FSDB WARNING: The FSDB file already exists. Overwriting the FSDB file may crash the programs that are using this file.
186 *Verdi* : Create FSDB file '6adder.fsdb'
187 [spi_vcs_vd_ppi_create_root]: no upf option
188 compile option from '/home/B103040045_HDL/hw1/code/pre_sim/simv.daidir/vcs_rebuild'.
189   "vcs '-R' '-debug_access+all' '/home/B103040045_HDL/hw1/code/pre_sim/pre_tb.v' '/home/B103040045_HDL/hw1/code/rtl/adder_behavior.v' '/home/B103040045_HDL/hw1/code/rtl/adder_dataflow.v' '/home/B103040045_HDL/hw1/code/rtl/adder_structure.v' '/home/B103040045_HDL/hw1/code/rtl/adder_behavior_reg.v' '/home/B103040045_HDL/hw1/code/rtl/adder_dataflow_reg.v' '/home/B103040045_HDL/hw1/code/rtl/adder_structure_reg.v' '+full64' '+access+r' '+vcs+fsdbon' '+fsdb+mda' '+fsdbfile+6adder.fsdb' '+v2k' 2>&1"
190 *Verdi* : Begin traversing the scopes, layer (0).
191 *Verdi* : Enable +mda dumping.
192 *Verdi* : End of traversing.
193 pliAppHDL_DumpVarComplete traverse var: profile - 
          CPU/Mem usage: 0.170 sys,  0.470 user,  281.72M mem
                   incr: 0.010 sys,  0.010 user,  8.75M mem
                   accu: 0.010 sys,  0.010 user,  8.75M mem
              accu incr: 0.010 sys,  0.010 user,  8.75M mem

          Count usage: 871 var,  706 idcode,  32 callback
                 incr: 871 var,  706 idcode,  32 callback
                 accu: 871 var,  706 idcode,  32 callback
            accu incr: 871 var,  706 idcode,  32 callback
194 Elapsed time:    0:00:01    Wed Oct  2 23:42:33 2024
195 User CPU time used: 0 seconds
196 System CPU time used: 0 seconds
197 pliAppHDL_DumpVarComplete: profile - 
          CPU/Mem usage: 0.170 sys,  0.470 user,  282.77M mem
                   incr: 0.000 sys,  0.000 user,  1.05M mem
                   accu: 0.010 sys,  0.010 user,  9.80M mem
              accu incr: 0.000 sys,  0.000 user,  1.05M mem

          Count usage: 871 var,  706 idcode,  32 callback
                 incr: 0 var,  0 idcode,  0 callback
                 accu: 871 var,  706 idcode,  32 callback
            accu incr: 0 var,  0 idcode,  0 callback
198 Elapsed time:    0:00:01    Wed Oct  2 23:42:33 2024
199 User CPU time used: 0 seconds
200 System CPU time used: 0 seconds
201 End of simulation at 60000
202 Memory usage: 282.771 M
203 Maximum resident set size: 126 MB
204 Hard page faults: 0
205 Soft page faults: 55390
206 Elapsed time:    0:00:01    Wed Oct  2 23:42:33 2024
207 User CPU time used: 0 seconds
208 System CPU time used: 0 seconds
209 Begin FSDB profile info:
210 FSDB Writer : bc1(56) bcn(594) mtf/stf(0/0)
FSDB Writer elapsed time : flush(0.122008) io wait(0.000000) theadpool wait(0.000000)
FSDB Writer cpu time : MT Compression : 0
211 End FSDB profile info
212 FSDB closed. Name: 6adder.fsdb Size: 549755836307
213 Parallel profile     - ProducerThread:1 ConsumerThread:1 Buffer:64MB
214                      - BlockUsed:1 Acquire:0 BufferUsed:8097
215                      - Flush:2 Expand:0 ProducerWait:0 ConsumerWait:0
216                      - MainProducerTime:0.653342183 TotalConsumerTime:0.000000000
217                      - ElapsedTime:0.654629000
218 Producer   0 profile - BlockUsed:2 Acquire:0 BufferUsed:8097
219 Consumer   0 profile - Affinity:-1 CPUTime:0.000000000 LifeTime:0.000000000 (-nan%)
220                      - BlockUsed:2 Acquire:0 BufferUsed:8097
221 SimExit
222 Elapsed time:    0:00:02    Wed Oct  2 23:42:34 2024
223 User CPU time used: 0 seconds
224 System CPU time used: 0 seconds
225 Sim process exit
